#
# There is insufficient memory for the Java Runtime Environment to continue.
# Native memory allocation (mmap) failed to map 230686720 bytes. Error detail: G1 virtual space
# Possible reasons:
#   The system is out of physical RAM or swap space
#   This process is running with CompressedOops enabled, and the Java Heap may be blocking the growth of the native heap
# Possible solutions:
#   Reduce memory load on the system
#   Increase physical memory or swap space
#   Check if swap backing store is full
#   Decrease Java heap size (-Xmx/-Xms)
#   Decrease number of Java threads
#   Decrease Java thread stack sizes (-Xss)
#   Set larger code cache with -XX:ReservedCodeCacheSize=
#   JVM is running with Zero Based Compressed Oops mode in which the Java heap is
#     placed in the first 32GB address space. The Java Heap base address is the
#     maximum limit for the native heap growth. Please use -XX:HeapBaseMinAddress
#     to set the Java Heap base and to place the Java Heap above 32GB virtual address.
# This output file may be truncated or incomplete.
#
#  Out of Memory Error (os_windows.cpp:3679), pid=12468, tid=27184
#
# JRE version:  (17.0.13+11) (build )
# Java VM: OpenJDK 64-Bit Server VM (17.0.13+11-LTS, mixed mode, sharing, tiered, compressed oops, compressed class ptrs, g1 gc, windows-amd64)
# No core dump will be written. Minidumps are not enabled by default on client versions of Windows
#

---------------  S U M M A R Y ------------

Command Line: 

Host: 13th Gen Intel(R) Core(TM) i7-13700H, 20 cores, 13G,  Windows 11 , 64 bit Build 26100 (10.0.26100.2454)
Time: Wed Jan  1 01:07:58 2025 SE Asia Standard Time elapsed time: 1.119937 seconds (0d 0h 0m 1s)

---------------  T H R E A D  ---------------

Current thread (0x0000012fe1787e80):  JavaThread "Unknown thread" [_thread_in_vm, id=27184, stack(0x00000026e1f00000,0x00000026e2000000)]

Stack: [0x00000026e1f00000,0x00000026e2000000]
Native frames: (J=compiled Java code, j=interpreted, Vv=VM code, C=native code)
V  [jvm.dll+0x687fc9]
V  [jvm.dll+0x83eeb8]
V  [jvm.dll+0x840963]
V  [jvm.dll+0x840fd3]
V  [jvm.dll+0x24951f]
V  [jvm.dll+0x684f89]
V  [jvm.dll+0x6794aa]
V  [jvm.dll+0x30ad27]
V  [jvm.dll+0x312296]
V  [jvm.dll+0x362bde]
V  [jvm.dll+0x362e1d]
V  [jvm.dll+0x2e1fbc]
V  [jvm.dll+0x2e2ed4]
V  [jvm.dll+0x810dbb]
V  [jvm.dll+0x3708f1]
V  [jvm.dll+0x7ef8af]
V  [jvm.dll+0x3f70ef]
V  [jvm.dll+0x3f8c21]
C  [jli.dll+0x52a0]
C  [ucrtbase.dll+0x14ea0]
C  [KERNEL32.DLL+0x2e8d7]
C  [ntdll.dll+0xdfbcc]


---------------  P R O C E S S  ---------------

Threads class SMR info:
_java_thread_list=0x00007ffbb2b2df98, length=0, elements={
}

Java Threads: ( => current thread )

Other Threads:
  0x0000012fe17ebc50 GCTaskThread "GC Thread#0" [stack: 0x00000026e2000000,0x00000026e2100000] [id=19612]
  0x0000012fe17fa670 ConcurrentGCThread "G1 Main Marker" [stack: 0x00000026e2100000,0x00000026e2200000] [id=8128]
  0x0000012fe17fbc70 ConcurrentGCThread "G1 Conc#0" [stack: 0x00000026e2200000,0x00000026e2300000] [id=30188]

[error occurred during error reporting (printing all threads), id 0xc0000005, EXCEPTION_ACCESS_VIOLATION (0xc0000005) at pc=0x00007ffbb22e2b17]

VM state: not at safepoint (not fully initialized)

VM Mutex/Monitor currently owned by a thread:  ([mutex/lock_event])
[0x0000012fe1785580] Heap_lock - owner thread: 0x0000012fe1787e80

Heap address: 0x0000000724400000, size: 3516 MB, Compressed Oops mode: Zero based, Oop shift amount: 3

CDS archive(s) mapped at: [0x0000000000000000-0x0000000000000000-0x0000000000000000), size 0, SharedBaseAddress: 0x0000000800000000, ArchiveRelocationMode: 1.
Narrow klass base: 0x0000000000000000, Narrow klass shift: 0, Narrow klass range: 0x0

GC Precious Log:
<Empty>

Heap:
 garbage-first heap   total 0K, used 0K [0x0000000724400000, 0x0000000800000000)
  region size 2048K, 0 young (0K), 0 survivors (0K)

[error occurred during error reporting (printing heap information), id 0xc0000005, EXCEPTION_ACCESS_VIOLATION (0xc0000005) at pc=0x00007ffbb26d1ba9]

GC Heap History (0 events):
No events

Dll operation events (1 events):
Event: 0.011 Loaded shared library C:\Program Files\Microsoft\jdk-17.0.13.11-hotspot\bin\java.dll

Deoptimization events (0 events):
No events

Classes loaded (0 events):
No events

Classes unloaded (0 events):
No events

Classes redefined (0 events):
No events

Internal exceptions (0 events):
No events

VM Operations (0 events):
No events

Memory protections (0 events):
No events

Nmethod flushes (0 events):
No events

Events (0 events):
No events


Dynamic libraries:
0x00007ff7f6010000 - 0x00007ff7f601e000 	C:\Program Files\Microsoft\jdk-17.0.13.11-hotspot\bin\java.exe
0x00007ffc80700000 - 0x00007ffc80963000 	C:\WINDOWS\SYSTEM32\ntdll.dll
0x00007ffc7fe70000 - 0x00007ffc7ff38000 	C:\WINDOWS\System32\KERNEL32.DLL
0x00007ffc7e050000 - 0x00007ffc7e402000 	C:\WINDOWS\System32\KERNELBASE.dll
0x00007ffc7e410000 - 0x00007ffc7e55b000 	C:\WINDOWS\System32\ucrtbase.dll
0x00007ffc74890000 - 0x00007ffc748a7000 	C:\Program Files\Microsoft\jdk-17.0.13.11-hotspot\bin\jli.dll
0x00007ffc74260000 - 0x00007ffc7427d000 	C:\Program Files\Microsoft\jdk-17.0.13.11-hotspot\bin\VCRUNTIME140.dll
0x00007ffc7fff0000 - 0x00007ffc801b8000 	C:\WINDOWS\System32\USER32.dll
0x00007ffc7de60000 - 0x00007ffc7de87000 	C:\WINDOWS\System32\win32u.dll
0x00007ffc80580000 - 0x00007ffc805aa000 	C:\WINDOWS\System32\GDI32.dll
0x00007ffc59cb0000 - 0x00007ffc59f40000 	C:\WINDOWS\WinSxS\amd64_microsoft.windows.common-controls_6595b64144ccf1df_6.0.26100.2454_none_3e0b68a2e331ad60\COMCTL32.dll
0x00007ffc7de90000 - 0x00007ffc7dfbb000 	C:\WINDOWS\System32\gdi32full.dll
0x00007ffc7ff40000 - 0x00007ffc7ffe9000 	C:\WINDOWS\System32\msvcrt.dll
0x00007ffc7dd10000 - 0x00007ffc7ddb3000 	C:\WINDOWS\System32\msvcp_win.dll
0x00007ffc801c0000 - 0x00007ffc801ef000 	C:\WINDOWS\System32\IMM32.DLL
0x00007ffc76300000 - 0x00007ffc7630c000 	C:\Program Files\Microsoft\jdk-17.0.13.11-hotspot\bin\vcruntime140_1.dll
0x00007ffbfd0b0000 - 0x00007ffbfd13d000 	C:\Program Files\Microsoft\jdk-17.0.13.11-hotspot\bin\msvcp140.dll
0x00007ffbb1ff0000 - 0x00007ffbb2c61000 	C:\Program Files\Microsoft\jdk-17.0.13.11-hotspot\bin\server\jvm.dll
0x00007ffc7fdb0000 - 0x00007ffc7fe64000 	C:\WINDOWS\System32\ADVAPI32.dll
0x00007ffc7e560000 - 0x00007ffc7e606000 	C:\WINDOWS\System32\sechost.dll
0x00007ffc7e690000 - 0x00007ffc7e7a6000 	C:\WINDOWS\System32\RPCRT4.dll
0x00007ffc7e610000 - 0x00007ffc7e684000 	C:\WINDOWS\System32\WS2_32.dll
0x00007ffc7c780000 - 0x00007ffc7c7ce000 	C:\WINDOWS\SYSTEM32\POWRPROF.dll
0x00007ffc685f0000 - 0x00007ffc685fb000 	C:\WINDOWS\SYSTEM32\VERSION.dll
0x00007ffc6f4e0000 - 0x00007ffc6f516000 	C:\WINDOWS\SYSTEM32\WINMM.dll
0x00007ffc7c760000 - 0x00007ffc7c774000 	C:\WINDOWS\SYSTEM32\UMPDC.dll
0x00007ffc7ca20000 - 0x00007ffc7ca3a000 	C:\WINDOWS\SYSTEM32\kernel.appcore.dll
0x00007ffc757c0000 - 0x00007ffc757ca000 	C:\Program Files\Microsoft\jdk-17.0.13.11-hotspot\bin\jimage.dll
0x00007ffc7b380000 - 0x00007ffc7b5c1000 	C:\WINDOWS\SYSTEM32\DBGHELP.DLL
0x00007ffc7eb20000 - 0x00007ffc7ee9e000 	C:\WINDOWS\System32\combase.dll
0x00007ffc804a0000 - 0x00007ffc80576000 	C:\WINDOWS\System32\OLEAUT32.dll
0x00007ffc4c440000 - 0x00007ffc4c479000 	C:\WINDOWS\SYSTEM32\dbgcore.DLL
0x00007ffc7ddc0000 - 0x00007ffc7de59000 	C:\WINDOWS\System32\bcryptPrimitives.dll
0x00007ffc4e750000 - 0x00007ffc4e775000 	C:\Program Files\Microsoft\jdk-17.0.13.11-hotspot\bin\java.dll

dbghelp: loaded successfully - version: 4.0.5 - missing functions: none
symbol engine: initialized successfully - sym options: 0x614 - pdb path: .;C:\Program Files\Microsoft\jdk-17.0.13.11-hotspot\bin;C:\WINDOWS\SYSTEM32;C:\WINDOWS\WinSxS\amd64_microsoft.windows.common-controls_6595b64144ccf1df_6.0.26100.2454_none_3e0b68a2e331ad60;C:\Program Files\Microsoft\jdk-17.0.13.11-hotspot\bin\server

VM Arguments:
java_command: <unknown>
java_class_path (initial): <not set>
Launcher Type: SUN_STANDARD

[Global flags]
     intx CICompilerCount                          = 12                                        {product} {ergonomic}
     uint ConcGCThreads                            = 4                                         {product} {ergonomic}
     uint G1ConcRefinementThreads                  = 15                                        {product} {ergonomic}
   size_t G1HeapRegionSize                         = 2097152                                   {product} {ergonomic}
    uintx GCDrainStackTargetSize                   = 64                                        {product} {ergonomic}
   size_t InitialHeapSize                          = 230686720                                 {product} {ergonomic}
   size_t MarkStackSize                            = 4194304                                   {product} {ergonomic}
   size_t MaxHeapSize                              = 3686793216                                {product} {ergonomic}
   size_t MinHeapDeltaBytes                        = 2097152                                   {product} {ergonomic}
   size_t MinHeapSize                              = 8388608                                   {product} {ergonomic}
    uintx NonNMethodCodeHeapSize                   = 7602480                                {pd product} {ergonomic}
    uintx NonProfiledCodeHeapSize                  = 122027880                              {pd product} {ergonomic}
    uintx ProfiledCodeHeapSize                     = 122027880                              {pd product} {ergonomic}
    uintx ReservedCodeCacheSize                    = 251658240                              {pd product} {ergonomic}
     bool SegmentedCodeCache                       = true                                      {product} {ergonomic}
   size_t SoftMaxHeapSize                          = 3686793216                             {manageable} {ergonomic}
     bool UseCompressedClassPointers               = true                           {product lp64_product} {ergonomic}
     bool UseCompressedOops                        = true                           {product lp64_product} {ergonomic}
     bool UseG1GC                                  = true                                      {product} {ergonomic}
     bool UseLargePagesIndividualAllocation        = false                                  {pd product} {ergonomic}

Logging:
Log output configuration:
 #0: stdout all=warning uptime,level,tags
 #1: stderr all=off uptime,level,tags

Environment Variables:
JAVA_HOME=C:\Program Files\Java\jdk-17
PATH=C:\Program Files\Microsoft\jdk-17.0.13.11-hotspot\bin;C:\Program Files\Common Files\Oracle\Java\javapath;C:\WINDOWS\system32;C:\WINDOWS;C:\WINDOWS\System32\Wbem;C:\WINDOWS\System32\WindowsPowerShell\v1.0\;C:\WINDOWS\System32\OpenSSH\;C:\xampp\php;C:\ProgramData\ComposerSetup\bin;C:\Users\lenovo\AppData\Local\Android\Sdk\platform-tools;C:\ProgramData\chocolatey\bin;C:\Program Files\Java\jdk-17\bin;C:\Program Files\Git\cmd;C:\Program Files\nodejs\;C:\Users\lenovo\AppData\Local\Programs\Python\Python312\Scripts\;C:\Users\lenovo\AppData\Local\Programs\Python\Python312\;C:\Users\lenovo\AppData\Local\Programs\Python\Launcher\;C:\Users\lenovo\AppData\Local\Microsoft\WindowsApps;;C:\Users\lenovo\AppData\Local\Programs\Microsoft VS Code\bin;C:\Users\lenovo\AppData\Roaming\Composer\vendor\bin;C:\Program Files\JetBrains\WebStorm 2024.3.1\bin;;C:\Users\lenovo\AppData\Roaming\npm
USERNAME=lenovo
OS=Windows_NT
PROCESSOR_IDENTIFIER=Intel64 Family 6 Model 186 Stepping 2, GenuineIntel
TMP=C:\Users\lenovo\AppData\Local\Temp
TEMP=C:\Users\lenovo\AppData\Local\Temp



Periodic native trim disabled


---------------  S Y S T E M  ---------------

OS:
 Windows 11 , 64 bit Build 26100 (10.0.26100.2454)
OS uptime: 7 days 3:52 hours
Hyper-V role detected

CPU: total 20 (initial active 20) (10 cores per cpu, 2 threads per core) family 6 model 186 stepping 2 microcode 0x4122, cx8, cmov, fxsr, ht, mmx, 3dnowpref, sse, sse2, sse3, ssse3, sse4.1, sse4.2, popcnt, lzcnt, tsc, tscinvbit, avx, avx2, aes, erms, clmul, bmi1, bmi2, adx, sha, fma, vzeroupper, clflush, clflushopt, clwb, hv
Processor Information for processor 0
  Max Mhz: 2400, Current Mhz: 2400, Mhz Limit: 2400
Processor Information for processor 1
  Max Mhz: 2400, Current Mhz: 2400, Mhz Limit: 2400
Processor Information for processor 2
  Max Mhz: 2400, Current Mhz: 2400, Mhz Limit: 2400
Processor Information for processor 3
  Max Mhz: 2400, Current Mhz: 2400, Mhz Limit: 2400
Processor Information for processor 4
  Max Mhz: 2400, Current Mhz: 2400, Mhz Limit: 2400
Processor Information for processor 5
  Max Mhz: 2400, Current Mhz: 2400, Mhz Limit: 2400
Processor Information for processor 6
  Max Mhz: 2400, Current Mhz: 2400, Mhz Limit: 2400
Processor Information for processor 7
  Max Mhz: 2400, Current Mhz: 1520, Mhz Limit: 2400
Processor Information for processor 8
  Max Mhz: 2400, Current Mhz: 1520, Mhz Limit: 2400
Processor Information for processor 9
  Max Mhz: 2400, Current Mhz: 2400, Mhz Limit: 2400
Processor Information for processor 10
  Max Mhz: 2400, Current Mhz: 2400, Mhz Limit: 2400
Processor Information for processor 11
  Max Mhz: 2400, Current Mhz: 1520, Mhz Limit: 2400
Processor Information for processor 12
  Max Mhz: 2400, Current Mhz: 1466, Mhz Limit: 2400
Processor Information for processor 13
  Max Mhz: 2400, Current Mhz: 1466, Mhz Limit: 2400
Processor Information for processor 14
  Max Mhz: 2400, Current Mhz: 1466, Mhz Limit: 2400
Processor Information for processor 15
  Max Mhz: 2400, Current Mhz: 1466, Mhz Limit: 2400
Processor Information for processor 16
  Max Mhz: 2400, Current Mhz: 1466, Mhz Limit: 2400
Processor Information for processor 17
  Max Mhz: 2400, Current Mhz: 1466, Mhz Limit: 2400
Processor Information for processor 18
  Max Mhz: 2400, Current Mhz: 2400, Mhz Limit: 2400
Processor Information for processor 19
  Max Mhz: 2400, Current Mhz: 1466, Mhz Limit: 2400

Memory: 4k page, system-wide physical 14060M (866M free)
TotalPageFile size 49185M (AvailPageFile size 223M)
current process WorkingSet (physical memory assigned to process): 12M, peak: 12M
current process commit charge ("private bytes"): 75M, peak: 295M

vm_info: OpenJDK 64-Bit Server VM (17.0.13+11-LTS) for windows-amd64 JRE (17.0.13+11-LTS), built on Oct 11 2024 23:25:05 by "MicrosoftCorporation" with unknown MS VC++:1939

END.
